# JRE version: OpenJDK Runtime Environment (17.0.6) (build 17.0.6+0-b2043.56-10027231)
# Java VM: OpenJDK 64-Bit Server VM (17.0.6+0-b2043.56-10027231, mixed mode, tiered, compressed oops, compressed class ptrs, g1 gc, windows-amd64)
GC Precious Log:
 CPUs: 4 total, 4 available
 Memory: 16321M
 Large Page Support: Disabled
 NUMA Support: Disabled
 Compressed Oops: Enabled (32-bit)
 Heap Region Size: 1M
 Heap Min Capacity: 8M
 Heap Initial Capacity: 256M
 Heap Max Capacity: 2G
 Pre-touch: Disabled
 Parallel Workers: 4
 Concurrent Workers: 1
 Concurrent Refinement Workers: 4
 Periodic GC: Disabled
Heap:
 garbage-first heap   total 345088K, used 179693K [0x0000000080000000, 0x0000000100000000)
  region size 1024K, 3 young (3072K), 3 survivors (3072K)
 Metaspace       used 152630K, committed 153536K, reserved 1187840K
  class space    used 20485K, committed 20928K, reserved 1048576K
GC Heap History (20 events):
Event: 58.762 GC heap after
{Heap after GC invocations=77 (full 0):
 garbage-first heap   total 1504256K, used 738577K [0x0000000080000000, 0x0000000100000000)
  region size 1024K, 8 young (8192K), 8 survivors (8192K)
 Metaspace       used 125067K, committed 125952K, reserved 1163264K
  class space    used 16794K, committed 17216K, reserved 1048576K
}
Event: 922.989 GC heap before
{Heap before GC invocations=78 (full 0):
 garbage-first heap   total 918528K, used 782609K [0x0000000080000000, 0x0000000100000000)
  region size 1024K, 386 young (395264K), 8 survivors (8192K)
 Metaspace       used 133356K, committed 134336K, reserved 1171456K
  class space    used 17622K, committed 18112K, reserved 1048576K
}
Event: 923.009 GC heap after
{Heap after GC invocations=79 (full 0):
 garbage-first heap   total 918528K, used 273941K [0x0000000080000000, 0x0000000100000000)
  region size 1024K, 21 young (21504K), 21 survivors (21504K)
 Metaspace       used 133356K, committed 134336K, reserved 1171456K
  class space    used 17622K, committed 18112K, reserved 1048576K
}
Event: 923.161 GC heap before
{Heap before GC invocations=79 (full 0):
 garbage-first heap   total 918528K, used 297493K [0x0000000080000000, 0x0000000100000000)
  region size 1024K, 44 young (45056K), 21 survivors (21504K)
 Metaspace       used 133408K, committed 134336K, reserved 1171456K
  class space    used 17624K, committed 18112K, reserved 1048576K
}
Event: 923.178 GC heap after
{Heap after GC invocations=80 (full 0):
 garbage-first heap   total 918528K, used 197792K [0x0000000080000000, 0x0000000100000000)
  region size 1024K, 3 young (3072K), 3 survivors (3072K)
 Metaspace       used 133408K, committed 134336K, reserved 1171456K
  class space    used 17624K, committed 18112K, reserved 1048576K
}
Event: 3659.139 GC heap before
{Heap before GC invocations=80 (full 0):
 garbage-first heap   total 918528K, used 273568K [0x0000000080000000, 0x0000000100000000)
  region size 1024K, 78 young (79872K), 3 survivors (3072K)
 Metaspace       used 133662K, committed 134592K, reserved 1171456K
  class space    used 17630K, committed 18112K, reserved 1048576K
}
Event: 3659.395 GC heap after
{Heap after GC invocations=81 (full 1):
 garbage-first heap   total 345088K, used 100819K [0x0000000080000000, 0x0000000100000000)
  region size 1024K, 0 young (0K), 0 survivors (0K)
 Metaspace       used 133662K, committed 134592K, reserved 1171456K
  class space    used 17630K, committed 18112K, reserved 1048576K
}
Event: 4506.741 GC heap before
{Heap before GC invocations=81 (full 1):
 garbage-first heap   total 345088K, used 120275K [0x0000000080000000, 0x0000000100000000)
  region size 1024K, 21 young (21504K), 0 survivors (0K)
 Metaspace       used 133762K, committed 134656K, reserved 1171456K
  class space    used 17651K, committed 18112K, reserved 1048576K
}
Event: 4506.744 GC heap after
{Heap after GC invocations=82 (full 1):
 garbage-first heap   total 345088K, used 101843K [0x0000000080000000, 0x0000000100000000)
  region size 1024K, 1 young (1024K), 1 survivors (1024K)
 Metaspace       used 133762K, committed 134656K, reserved 1171456K
  class space    used 17651K, committed 18112K, reserved 1048576K
}
Event: 4509.095 GC heap before
{Heap before GC invocations=83 (full 1):
 garbage-first heap   total 345088K, used 274899K [0x0000000080000000, 0x0000000100000000)
  region size 1024K, 140 young (143360K), 1 survivors (1024K)
 Metaspace       used 142853K, committed 143808K, reserved 1179648K
  class space    used 19282K, committed 19712K, reserved 1048576K
}
Event: 4509.119 GC heap after
{Heap after GC invocations=84 (full 1):
 garbage-first heap   total 345088K, used 149468K [0x0000000080000000, 0x0000000100000000)
  region size 1024K, 17 young (17408K), 17 survivors (17408K)
 Metaspace       used 142853K, committed 143808K, reserved 1179648K
  class space    used 19282K, committed 19712K, reserved 1048576K
}
Event: 4509.124 GC heap before
{Heap before GC invocations=84 (full 1):
 garbage-first heap   total 345088K, used 150492K [0x0000000080000000, 0x0000000100000000)
  region size 1024K, 18 young (18432K), 17 survivors (17408K)
 Metaspace       used 142853K, committed 143808K, reserved 1179648K
  class space    used 19282K, committed 19712K, reserved 1048576K
}
Event: 4509.147 GC heap after
{Heap after GC invocations=85 (full 1):
 garbage-first heap   total 345088K, used 149433K [0x0000000080000000, 0x0000000100000000)
  region size 1024K, 2 young (2048K), 2 survivors (2048K)
 Metaspace       used 142853K, committed 143808K, reserved 1179648K
  class space    used 19282K, committed 19712K, reserved 1048576K
}
Event: 4509.874 GC heap before
{Heap before GC invocations=85 (full 1):
 garbage-first heap   total 345088K, used 183225K [0x0000000080000000, 0x0000000100000000)
  region size 1024K, 36 young (36864K), 2 survivors (2048K)
 Metaspace       used 148294K, committed 149248K, reserved 1179648K
  class space    used 19976K, committed 20416K, reserved 1048576K
}
Event: 4509.878 GC heap after
{Heap after GC invocations=86 (full 1):
 garbage-first heap   total 345088K, used 152146K [0x0000000080000000, 0x0000000100000000)
  region size 1024K, 5 young (5120K), 5 survivors (5120K)
 Metaspace       used 148294K, committed 149248K, reserved 1179648K
  class space    used 19976K, committed 20416K, reserved 1048576K
}
Event: 4510.662 GC heap before
{Heap before GC invocations=87 (full 1):
 garbage-first heap   total 345088K, used 240210K [0x0000000080000000, 0x0000000100000000)
  region size 1024K, 85 young (87040K), 5 survivors (5120K)
 Metaspace       used 148456K, committed 149440K, reserved 1179648K
  class space    used 19984K, committed 20416K, reserved 1048576K
}
Event: 4510.705 GC heap after
{Heap after GC invocations=88 (full 1):
 garbage-first heap   total 345088K, used 176672K [0x0000000080000000, 0x0000000100000000)
  region size 1024K, 11 young (11264K), 11 survivors (11264K)
 Metaspace       used 148456K, committed 149440K, reserved 1179648K
  class space    used 19984K, committed 20416K, reserved 1048576K
}
Event: 4510.776 GC heap before
{Heap before GC invocations=88 (full 1):
 garbage-first heap   total 345088K, used 181792K [0x0000000080000000, 0x0000000100000000)
  region size 1024K, 16 young (16384K), 11 survivors (11264K)
 Metaspace       used 148636K, committed 149568K, reserved 1179648K
  class space    used 20008K, committed 20416K, reserved 1048576K
}
Event: 4510.793 GC heap after
{Heap after GC invocations=89 (full 1):
 garbage-first heap   total 345088K, used 178882K [0x0000000080000000, 0x0000000100000000)
  region size 1024K, 2 young (2048K), 2 survivors (2048K)
 Metaspace       used 148636K, committed 149568K, reserved 1179648K
  class space    used 20008K, committed 20416K, reserved 1048576K
}
Event: 4511.187 GC heap before
{Heap before GC invocations=89 (full 1):
 garbage-first heap   total 345088K, used 211650K [0x0000000080000000, 0x0000000100000000)
  region size 1024K, 35 young (35840K), 2 survivors (2048K)
 Metaspace       used 152630K, committed 153536K, reserved 1187840K
  class space    used 20485K, committed 20928K, reserved 1048576K
}

